2022-10-21 11:54:38.755  INFO 132 --- [main] c.s.d.BookControllerIntegrationTest      : Starting BookControllerIntegrationTest using Java 17 on DESKTOP-HAJB8D8 with PID 132 (started by Dominique Van Eyken in C:\_development\switchfully\digibooky\war)
2022-10-21 11:54:38.759  INFO 132 --- [main] c.s.d.BookControllerIntegrationTest      : No active profile set, falling back to 1 default profile: "default"
2022-10-21 11:54:41.562  INFO 132 --- [main] o.s.b.w.embedded.tomcat.TomcatWebServer  : Tomcat initialized with port(s): 0 (http)
2022-10-21 11:54:41.582  INFO 132 --- [main] o.apache.catalina.core.StandardService   : Starting service [Tomcat]
2022-10-21 11:54:41.587  INFO 132 --- [main] org.apache.catalina.core.StandardEngine  : Starting Servlet engine: [Apache Tomcat/9.0.65]
2022-10-21 11:54:41.786  INFO 132 --- [main] o.a.c.c.C.[Tomcat].[localhost].[/]       : Initializing Spring embedded WebApplicationContext
2022-10-21 11:54:41.787  INFO 132 --- [main] w.s.c.ServletWebServerApplicationContext : Root WebApplicationContext: initialization completed in 2330 ms
2022-10-21 11:54:43.669  INFO 132 --- [main] o.s.b.w.embedded.tomcat.TomcatWebServer  : Tomcat started on port(s): 55317 (http) with context path ''
2022-10-21 11:54:43.689  INFO 132 --- [main] c.s.d.BookControllerIntegrationTest      : Started BookControllerIntegrationTest in 5.788 seconds (JVM running for 11.336)
2022-10-21 11:54:46.731  INFO 132 --- [http-nio-auto-1-exec-1] o.a.c.c.C.[Tomcat].[localhost].[/]       : Initializing Spring DispatcherServlet 'dispatcherServlet'
2022-10-21 11:54:46.732  INFO 132 --- [http-nio-auto-1-exec-1] o.s.web.servlet.DispatcherServlet        : Initializing Servlet 'dispatcherServlet'
2022-10-21 11:54:46.737  INFO 132 --- [http-nio-auto-1-exec-1] o.s.web.servlet.DispatcherServlet        : Completed initialization in 4 ms
2022-10-21 11:57:35.298  INFO 23444 --- [main] c.s.d.BookControllerIntegrationTest      : Starting BookControllerIntegrationTest using Java 17 on DESKTOP-HAJB8D8 with PID 23444 (started by Dominique Van Eyken in C:\_development\switchfully\digibooky\war)
2022-10-21 11:57:35.309  INFO 23444 --- [main] c.s.d.BookControllerIntegrationTest      : No active profile set, falling back to 1 default profile: "default"
2022-10-21 11:57:39.350  INFO 23444 --- [main] o.s.b.w.embedded.tomcat.TomcatWebServer  : Tomcat initialized with port(s): 0 (http)
2022-10-21 11:57:39.376  INFO 23444 --- [main] o.apache.catalina.core.StandardService   : Starting service [Tomcat]
2022-10-21 11:57:39.377  INFO 23444 --- [main] org.apache.catalina.core.StandardEngine  : Starting Servlet engine: [Apache Tomcat/9.0.65]
2022-10-21 11:57:39.646  INFO 23444 --- [main] o.a.c.c.C.[Tomcat].[localhost].[/]       : Initializing Spring embedded WebApplicationContext
2022-10-21 11:57:39.649  INFO 23444 --- [main] w.s.c.ServletWebServerApplicationContext : Root WebApplicationContext: initialization completed in 3308 ms
2022-10-21 11:57:42.502  INFO 23444 --- [main] o.s.b.w.embedded.tomcat.TomcatWebServer  : Tomcat started on port(s): 55353 (http) with context path ''
2022-10-21 11:57:42.525  INFO 23444 --- [main] c.s.d.BookControllerIntegrationTest      : Started BookControllerIntegrationTest in 8.412 seconds (JVM running for 11.044)
2022-10-21 11:57:46.804  INFO 23444 --- [http-nio-auto-1-exec-1] o.a.c.c.C.[Tomcat].[localhost].[/]       : Initializing Spring DispatcherServlet 'dispatcherServlet'
2022-10-21 11:57:46.805  INFO 23444 --- [http-nio-auto-1-exec-1] o.s.web.servlet.DispatcherServlet        : Initializing Servlet 'dispatcherServlet'
2022-10-21 11:57:46.807  INFO 23444 --- [http-nio-auto-1-exec-1] o.s.web.servlet.DispatcherServlet        : Completed initialization in 2 ms
2022-10-21 11:59:04.192  INFO 23352 --- [main] c.s.d.BookControllerIntegrationTest      : Starting BookControllerIntegrationTest using Java 17 on DESKTOP-HAJB8D8 with PID 23352 (started by Dominique Van Eyken in C:\_development\switchfully\digibooky\war)
2022-10-21 11:59:04.196  INFO 23352 --- [main] c.s.d.BookControllerIntegrationTest      : No active profile set, falling back to 1 default profile: "default"
2022-10-21 11:59:07.049  INFO 23352 --- [main] o.s.b.w.embedded.tomcat.TomcatWebServer  : Tomcat initialized with port(s): 0 (http)
2022-10-21 11:59:07.071  INFO 23352 --- [main] o.apache.catalina.core.StandardService   : Starting service [Tomcat]
2022-10-21 11:59:07.072  INFO 23352 --- [main] org.apache.catalina.core.StandardEngine  : Starting Servlet engine: [Apache Tomcat/9.0.65]
2022-10-21 11:59:07.318  INFO 23352 --- [main] o.a.c.c.C.[Tomcat].[localhost].[/]       : Initializing Spring embedded WebApplicationContext
2022-10-21 11:59:07.318  INFO 23352 --- [main] w.s.c.ServletWebServerApplicationContext : Root WebApplicationContext: initialization completed in 2466 ms
2022-10-21 11:59:09.471  INFO 23352 --- [main] o.s.b.w.embedded.tomcat.TomcatWebServer  : Tomcat started on port(s): 55369 (http) with context path ''
2022-10-21 11:59:09.494  INFO 23352 --- [main] c.s.d.BookControllerIntegrationTest      : Started BookControllerIntegrationTest in 6.383 seconds (JVM running for 9.571)
2022-10-21 11:59:13.205  INFO 23352 --- [http-nio-auto-1-exec-1] o.a.c.c.C.[Tomcat].[localhost].[/]       : Initializing Spring DispatcherServlet 'dispatcherServlet'
2022-10-21 11:59:13.206  INFO 23352 --- [http-nio-auto-1-exec-1] o.s.web.servlet.DispatcherServlet        : Initializing Servlet 'dispatcherServlet'
2022-10-21 11:59:13.208  INFO 23352 --- [http-nio-auto-1-exec-1] o.s.web.servlet.DispatcherServlet        : Completed initialization in 1 ms
2022-10-21 12:00:53.781  INFO 16584 --- [main] c.s.d.BookControllerIntegrationTest      : Starting BookControllerIntegrationTest using Java 17 on DESKTOP-HAJB8D8 with PID 16584 (started by Dominique Van Eyken in C:\_development\switchfully\digibooky\war)
2022-10-21 12:00:53.783  INFO 16584 --- [main] c.s.d.BookControllerIntegrationTest      : No active profile set, falling back to 1 default profile: "default"
2022-10-21 12:00:56.558  INFO 16584 --- [main] o.s.b.w.embedded.tomcat.TomcatWebServer  : Tomcat initialized with port(s): 0 (http)
2022-10-21 12:00:56.591  INFO 16584 --- [main] o.apache.catalina.core.StandardService   : Starting service [Tomcat]
2022-10-21 12:00:56.592  INFO 16584 --- [main] org.apache.catalina.core.StandardEngine  : Starting Servlet engine: [Apache Tomcat/9.0.65]
2022-10-21 12:00:56.786  INFO 16584 --- [main] o.a.c.c.C.[Tomcat].[localhost].[/]       : Initializing Spring embedded WebApplicationContext
2022-10-21 12:00:56.786  INFO 16584 --- [main] w.s.c.ServletWebServerApplicationContext : Root WebApplicationContext: initialization completed in 2429 ms
2022-10-21 12:00:58.627  INFO 16584 --- [main] o.s.b.w.embedded.tomcat.TomcatWebServer  : Tomcat started on port(s): 55404 (http) with context path ''
2022-10-21 12:00:58.649  INFO 16584 --- [main] c.s.d.BookControllerIntegrationTest      : Started BookControllerIntegrationTest in 5.777 seconds (JVM running for 8.406)
2022-10-21 12:01:01.561  INFO 16584 --- [http-nio-auto-1-exec-1] o.a.c.c.C.[Tomcat].[localhost].[/]       : Initializing Spring DispatcherServlet 'dispatcherServlet'
2022-10-21 12:01:01.563  INFO 16584 --- [http-nio-auto-1-exec-1] o.s.web.servlet.DispatcherServlet        : Initializing Servlet 'dispatcherServlet'
2022-10-21 12:01:01.565  INFO 16584 --- [http-nio-auto-1-exec-1] o.s.web.servlet.DispatcherServlet        : Completed initialization in 2 ms
